<?xml version="1.0" encoding="UTF-8"?>
<!-- Generated by org.testng.reporters.JUnitXMLReporter -->
<testsuite ignored="2" hostname="DESKTOP-EHGUGUF" failures="0" tests="2" name="mytest" time="0.165" errors="0" timestamp="2025-07-25T10:44:26 PDT">
  <testcase classname="automationCore.BaseClassOfSupermarket" name="@BeforeMethod initialiseBrowser" time="-1.753465466734E9">
    <failure type="org.testng.TestNGException" message="
Parameter &amp;apos;browser&amp;apos; is required by BeforeMethod on method initialiseBrowser but has not been marked @Optional or defined
in C:\Users\Dell\eclipse-workspace\GroceryApp\grouptestgrocery.xml">
      <![CDATA[org.testng.TestNGException: 
Parameter 'browser' is required by BeforeMethod on method initialiseBrowser but has not been marked @Optional or defined
in C:\Users\Dell\eclipse-workspace\GroceryApp\grouptestgrocery.xml
at java.base/java.util.ArrayList.forEach(ArrayList.java:1511)
... Removed 28 stack frames]]>
    </failure>
  </testcase> <!-- @BeforeMethod initialiseBrowser -->
  <testcase classname="automationCore.BaseClassOfSupermarket" name="@AfterMethod driverQuit" time="0.0">
    <skipped/>
  </testcase> <!-- @AfterMethod driverQuit -->
  <testcase classname="automationCore.BaseClassOfSupermarket" name="@BeforeMethod initialiseBrowser" time="0.0">
    <skipped/>
  </testcase> <!-- @BeforeMethod initialiseBrowser -->
  <testcase classname="automationCore.BaseClassOfSupermarket" name="@AfterMethod driverQuit" time="0.0">
    <skipped/>
  </testcase> <!-- @AfterMethod driverQuit -->
  <testcase classname="testscript.ManageNewsTest" name="verifySuccessfulNewsCreation" time="0.0">
    <skipped/>
  </testcase> <!-- verifySuccessfulNewsCreation -->
  <testcase classname="testscript.ManageNewsTest" name="verifysampleNEWSsearching" time="0.002">
    <skipped/>
  </testcase> <!-- verifysampleNEWSsearching -->
  <testcase classname="testscript.ManageNewsTest" name="verifyNewsUpdating" time="0.0">
    <ignored/>
  </testcase> <!-- verifyNewsUpdating -->
  <testcase classname="testscript.ManageNewsTest" name="verifyNewsDeletion" time="0.0">
    <ignored/>
  </testcase> <!-- verifyNewsDeletion -->
</testsuite> <!-- mytest -->
