<?xml version="1.0" encoding="UTF-8"?>
<!-- Generated by org.testng.reporters.JUnitXMLReporter -->
<testsuite ignored="0" hostname="DESKTOP-EHGUGUF" failures="0" tests="6" name="Surefire test" time="37.456" errors="0" timestamp="2025-07-23T21:11:14 PDT">
  <testcase classname="testscript.LogOutTest" name="verifyLogOut" time="3.426"/>
  <testcase classname="testscript.ManageCategoryTest" name="verifyCategorySearching" time="2.253"/>
  <testcase classname="testscript.ManageContactTest" name="verifySuccessfulContactUpdating" time="4.876"/>
  <testcase classname="testscript.ManageFooterTextTest" name="verifyFooterTextUpdating" time="3.878"/>
  <testcase classname="testscript.ManageNewsTest" name="verifyNewsDeletion" time="1.804"/>
  <testcase classname="testscript.ManageNewsTest" name="verifySuccessfulNewsCreation" time="2.985"/>
</testsuite> <!-- Surefire test -->
