<?xml version="1.0" encoding="UTF-8"?>
<!-- Generated by org.testng.reporters.JUnitXMLReporter -->
<testsuite ignored="0" hostname="DESKTOP-EHGUGUF" failures="0" tests="4" name="chromeTest" time="26.37" errors="0" timestamp="2025-07-27T03:53:29 PDT">
  <testcase classname="testscript.ManageNewsTest" name="verifyNewsDeletion" time="3.493"/>
  <testcase classname="testscript.ManageNewsTest" name="verifyNewsUpdating" time="2.273"/>
  <testcase classname="testscript.ManageNewsTest" name="verifySuccessfulNewsCreation" time="3.733"/>
  <testcase classname="testscript.ManageNewsTest" name="verifysampleNEWSsearching" time="3.967"/>
</testsuite> <!-- chromeTest -->
