<?xml version="1.0" encoding="UTF-8"?>
<!-- Generated by org.testng.reporters.JUnitXMLReporter -->
<testsuite ignored="0" hostname="DESKTOP-EHGUGUF" failures="0" tests="2" name="edgeTest" time="0.343" errors="0" timestamp="2025-07-23T22:37:49 PDT">
  <testcase classname="testscript.ManageNewsTest" name="verifyNewsDeletion" time="0.0">
    <skipped/>
  </testcase> <!-- verifyNewsDeletion -->
  <testcase classname="testscript.ManageNewsTest" name="verifySuccessfulNewsCreation" time="0.0">
    <skipped/>
  </testcase> <!-- verifySuccessfulNewsCreation -->
</testsuite> <!-- edgeTest -->
