<?xml version="1.0" encoding="UTF-8"?>
<!-- Generated by org.testng.reporters.JUnitXMLReporter -->
<testsuite ignored="0" hostname="DESKTOP-EHGUGUF" failures="0" tests="4" name="firefoxTest" time="42.797" errors="0" timestamp="2025-07-27T03:54:12 PDT">
  <testcase classname="testscript.ManageNewsTest" name="verifyNewsDeletion" time="3.438"/>
  <testcase classname="testscript.ManageNewsTest" name="verifyNewsUpdating" time="2.467"/>
  <testcase classname="testscript.ManageNewsTest" name="verifySuccessfulNewsCreation" time="2.92"/>
  <testcase classname="testscript.ManageNewsTest" name="verifysampleNEWSsearching" time="1.952"/>
</testsuite> <!-- firefoxTest -->
