<?xml version="1.0" encoding="UTF-8"?>
<!-- Generated by org.testng.reporters.JUnitXMLReporter -->
<testsuite ignored="0" hostname="DESKTOP-EHGUGUF" failures="1" tests="4" name="mytest1" time="31.407" errors="0" timestamp="2025-07-28T22:14:34 PDT">
  <testcase classname="testscript.ManageNewsTest" name="verifyNewsDeletion" time="3.383"/>
  <testcase classname="testscript.ManageNewsTest" name="verifyNewsUpdating" time="3.683"/>
  <testcase classname="testscript.ManageNewsTest" name="verifySuccessfulNewsCreation" time="5.196"/>
  <testcase classname="testscript.ManageNewsTest" name="verifysampleNEWSsearching" time="0.003">
    <failure type="java.lang.Error" message="Unresolved compilation problem: 
	The method searchNEWS(String) in the type ManageNews is not applicable for the arguments ()
">
      <![CDATA[java.lang.Error: Unresolved compilation problem: 
The method searchNEWS(String) in the type ManageNews is not applicable for the arguments ()

at testscript.ManageNewsTest.verifysampleNEWSsearching(ManageNewsTest.java:57)
at java.base/java.util.ArrayList.forEach(ArrayList.java:1511)
at java.base/java.util.concurrent.FutureTask.run(FutureTask.java:264)
at java.base/java.util.concurrent.ThreadPoolExecutor.runWorker(ThreadPoolExecutor.java:1136)
at java.base/java.util.concurrent.ThreadPoolExecutor$Worker.run(ThreadPoolExecutor.java:635)
at java.base/java.lang.Thread.run(Thread.java:842)
... Removed 17 stack frames]]>
    </failure>
  </testcase> <!-- verifysampleNEWSsearching -->
</testsuite> <!-- mytest1 -->
