<?xml version="1.0" encoding="UTF-8"?>
<testng-results ignored="0" total="1" passed="1" failed="0" skipped="0">
  <reporter-output>
  </reporter-output>
  <suite started-at="2025-07-29T21:40:03 PDT" name="mysuite" finished-at="2025-07-29T21:40:11 PDT" duration-ms="8004">
    <groups>
    </groups>
    <test started-at="2025-07-29T21:40:03 PDT" name="mytest" finished-at="2025-07-29T21:40:11 PDT" duration-ms="8004">
      <class name="testscript.AdminUsersTest">
        <test-method is-config="true" signature="initialiseBrowser(java.lang.String)[pri:0, instance:testscript.AdminUsersTest@7bbc8656]" started-at="2025-07-29T21:40:03 PDT" name="initialiseBrowser" finished-at="2025-07-29T21:40:07 PDT" duration-ms="3676" status="PASS">
          <params>
            <param index="0">
              <value>
                <![CDATA[chrome]]>
              </value>
            </param>
          </params>
          <reporter-output>
          </reporter-output>
        </test-method> <!-- initialiseBrowser -->
        <test-method signature="verifyStatusChanging()[pri:0, instance:testscript.AdminUsersTest@7bbc8656]" started-at="2025-07-29T21:40:07 PDT" name="verifyStatusChanging" finished-at="2025-07-29T21:40:11 PDT" duration-ms="4225" status="PASS">
          <reporter-output>
          </reporter-output>
        </test-method> <!-- verifyStatusChanging -->
        <test-method is-config="true" signature="driverQuit(org.testng.ITestResult)[pri:0, instance:testscript.AdminUsersTest@7bbc8656]" started-at="2025-07-29T21:40:11 PDT" name="driverQuit" finished-at="2025-07-29T21:40:11 PDT" duration-ms="3" status="PASS">
          <params>
            <param index="0">
              <value>
                <![CDATA[[TestResult name=verifyStatusChanging status=SUCCESS method=AdminUsersTest.verifyStatusChanging()[pri:0, instance:testscript.AdminUsersTest@7bbc8656] output={null}]]]>
              </value>
            </param>
          </params>
          <reporter-output>
          </reporter-output>
        </test-method> <!-- driverQuit -->
      </class> <!-- testscript.AdminUsersTest -->
    </test> <!-- mytest -->
  </suite> <!-- mysuite -->
</testng-results>
